<?xml version="1.0" encoding="utf-8"?><testsuites name="pytest tests"><testsuite name="pytest" errors="0" failures="0" skipped="0" tests="13" time="3.357" timestamp="2026-09-01T13:20:54.937920+00:00" hostname="agent-env-6939c183-7fce-438b-84e3-e1fbc18edb04"><testcase classname="tests.backend_test" name="test_root" time="0.365" /><testcase classname="tests.backend_test" name="test_create_worked_example" time="0.105" /><testcase classname="tests.backend_test" name="test_get_and_list" time="0.172" /><testcase classname="tests.backend_test" name="test_get_unknown_404" time="0.092" /><testcase classname="tests.backend_test" name="test_toggle_paid" time="0.277" /><testcase classname="tests.backend_test" name="test_toggle_paid_unknown_player" time="0.088" /><testcase classname="tests.backend_test" name="test_update_session" time="0.165" /><testcase classname="tests.backend_test" name="test_rounding_case" time="0.102" /><testcase classname="tests.backend_test" name="test_delete_session" time="0.340" /><testcase classname="tests.backend_test" name="test_delete_unknown_404" time="0.095" /><testcase classname="tests.backend_test" name="test_upload_qr_and_serve" time="0.791" /><testcase classname="tests.backend_test" name="test_upload_qr_rejects_non_image" time="0.106" /><testcase classname="tests.backend_test" name="test_files_unknown_404" time="0.095" /></testsuite></testsuites>