<?xml version="1.0" encoding="utf-8"?><testsuites name="pytest tests"><testsuite name="pytest" errors="0" failures="0" skipped="0" tests="10" time="2.420" timestamp="2026-09-01T12:54:31.701308+00:00" hostname="agent-env-6939c183-7fce-438b-84e3-e1fbc18edb04"><testcase classname="tests.backend_test" name="test_root" time="0.311" /><testcase classname="tests.backend_test" name="test_create_worked_example" time="0.100" /><testcase classname="tests.backend_test" name="test_get_and_list" time="0.172" /><testcase classname="tests.backend_test" name="test_get_unknown_404" time="0.083" /><testcase classname="tests.backend_test" name="test_toggle_paid" time="0.282" /><testcase classname="tests.backend_test" name="test_toggle_paid_unknown_player" time="0.088" /><testcase classname="tests.backend_test" name="test_update_session" time="0.173" /><testcase classname="tests.backend_test" name="test_rounding_case" time="0.085" /><testcase classname="tests.backend_test" name="test_delete_session" time="0.350" /><testcase classname="tests.backend_test" name="test_delete_unknown_404" time="0.097" /></testsuite></testsuites>